-- Found ament_cmake: 1.3.11 (/opt/ros/humble/share/ament_cmake/cmake)
-- Found rclcpp: 16.0.12 (/opt/ros/humble/share/rclcpp/cmake)
-- Found rosidl_generator_c: 3.1.6 (/opt/ros/humble/share/rosidl_generator_c/cmake)
-- Found rosidl_adapter: 3.1.6 (/opt/ros/humble/share/rosidl_adapter/cmake)
-- Found rosidl_generator_cpp: 3.1.6 (/opt/ros/humble/share/rosidl_generator_cpp/cmake)
-- Using all available rosidl_typesupport_c: rosidl_typesupport_fastrtps_c;rosidl_typesupport_introspection_c
-- Using all available rosidl_typesupport_cpp: rosidl_typesupport_fastrtps_cpp;rosidl_typesupport_introspection_cpp
-- Found rmw_implementation_cmake: 6.1.2 (/opt/ros/humble/share/rmw_implementation_cmake/cmake)
-- Found rmw_fastrtps_cpp: 6.2.7 (/opt/ros/humble/share/rmw_fastrtps_cpp/cmake)
-- Using RMW implementation 'rmw_fastrtps_cpp' as default
-- Found geometry_msgs: 4.8.0 (/opt/ros/humble/share/geometry_msgs/cmake)
-- Found sensor_msgs: 4.8.0 (/opt/ros/humble/share/sensor_msgs/cmake)
-- Found op3_kinematics_dynamics: 0.2.1 (/home/certezas/robotis_ws/install/op3_kinematics_dynamics/share/op3_kinematics_dynamics/cmake)
-- Found ament_lint_auto: 0.12.12 (/opt/ros/humble/share/ament_lint_auto/cmake)
-- Added test 'cppcheck' to perform static code analysis on C / C++ code
-- Configured cppcheck include dirs: /home/certezas/robotis_ws/src/ROBOTIS-OP3/op3_kajita_walking_module/include
-- Configured cppcheck exclude dirs and/or files: 
-- Added test 'flake8' to check Python code syntax and style conventions
-- Added test 'lint_cmake' to check CMake code style
-- Added test 'pep257' to check Python code against some of the docstring style conventions in PEP 257
-- Added test 'uncrustify' to check C / C++ code style
-- Configured uncrustify additional arguments: 
-- Added test 'xmllint' to check XML markup files
-- Configuring done
-- Generating done
-- Build files have been written to: /home/certezas/robotis_ws/build/op3_kajita_walking_module
[35m[1mConsolidate compiler generated dependencies of target kajita_walking_node[0m
[ 33%] [32mBuilding CXX object CMakeFiles/kajita_walking_node.dir/src/main.cpp.o[0m
[ 66%] [32mBuilding CXX object CMakeFiles/kajita_walking_node.dir/src/kajita_walking_controller.cpp.o[0m
In file included from [01m[K/home/certezas/robotis_ws/src/ROBOTIS-OP3/op3_kajita_walking_module/src/main.cpp:1[m[K:
[01m[K/home/certezas/robotis_ws/src/ROBOTIS-OP3/op3_kajita_walking_module/include/op3_kajita_walking_module/kajita_walking_controller.h:122:33:[m[K [01;31m[Kerror: [m[Kredeclaration of â€˜[01m[Kstd::vector<double, std::allocator<double> > KajitaWalkingController::COM_x_H_[m[Kâ€™
  122 | or<double> COM_x_H_[01;31m[K,[m[K COM_y_H_;
      |                    [01;31m[K^[m[K

[01m[K/home/certezas/robotis_ws/src/ROBOTIS-OP3/op3_kajita_walking_module/include/op3_kajita_walking_module/kajita_walking_controller.h:118:25:[m[K [01;36m[Knote: [m[Kprevious declaration â€˜[01m[Kstd::vector<double, std::allocator<double> > KajitaWalkingController::COM_x_H_[m[Kâ€™
  118 | td::vector<double> [01;36m[KCOM_x_H_[m[K, COM_y_H_;
      |                    [01;36m[K^~~~~~~~[m[K

[01m[K/home/certezas/robotis_ws/src/ROBOTIS-OP3/op3_kajita_walking_module/include/op3_kajita_walking_module/kajita_walking_controller.h:122:35:[m[K [01;31m[Kerror: [m[Kredeclaration of â€˜[01m[Kstd::vector<double, std::allocator<double> > KajitaWalkingController::COM_y_H_[m[Kâ€™
  122 | or<double> COM_x_H_, [01;31m[KCOM_y_H_[m[K;
      |                      [01;31m[K^~~~~~~~[m[K

[01m[K/home/certezas/robotis_ws/src/ROBOTIS-OP3/op3_kajita_walking_module/include/op3_kajita_walking_module/kajita_walking_controller.h:118:35:[m[K [01;36m[Knote: [m[Kprevious declaration â€˜[01m[Kstd::vector<double, std::allocator<double> > KajitaWalkingController::COM_y_H_[m[Kâ€™
  118 | or<double> COM_x_H_, [01;36m[KCOM_y_H_[m[K;
      |                      [01;36m[K^~~~~~~~[m[K

[01m[K/home/certezas/robotis_ws/src/ROBOTIS-OP3/op3_kajita_walking_module/include/op3_kajita_walking_module/kajita_walking_controller.h:123:33:[m[K [01;31m[Kerror: [m[Kredeclaration of â€˜[01m[Kstd::vector<double, std::allocator<double> > KajitaWalkingController::ZMP_x_H_[m[Kâ€™
  123 | or<double> ZMP_x_H_[01;31m[K,[m[K ZMP_y_H_;
      |                    [01;31m[K^[m[K

[01m[K/home/certezas/robotis_ws/src/ROBOTIS-OP3/op3_kajita_walking_module/include/op3_kajita_walking_module/kajita_walking_controller.h:119:25:[m[K [01;36m[Knote: [m[Kprevious declaration â€˜[01m[Kstd::vector<double, std::allocator<double> > KajitaWalkingController::ZMP_x_H_[m[Kâ€™
  119 | td::vector<double> [01;36m[KZMP_x_H_[m[K, ZMP_y_H_;
      |                    [01;36m[K^~~~~~~~[m[K

[01m[K/home/certezas/robotis_ws/src/ROBOTIS-OP3/op3_kajita_walking_module/include/op3_kajita_walking_module/kajita_walking_controller.h:123:35:[m[K [01;31m[Kerror: [m[Kredeclaration of â€˜[01m[Kstd::vector<double, std::allocator<double> > KajitaWalkingController::ZMP_y_H_[m[Kâ€™
  123 | or<double> ZMP_x_H_, [01;31m[KZMP_y_H_[m[K;
      |                      [01;31m[K^~~~~~~~[m[K

[01m[K/home/certezas/robotis_ws/src/ROBOTIS-OP3/op3_kajita_walking_module/include/op3_kajita_walking_module/kajita_walking_controller.h:119:35:[m[K [01;36m[Knote: [m[Kprevious declaration â€˜[01m[Kstd::vector<double, std::allocator<double> > KajitaWalkingController::ZMP_y_H_[m[Kâ€™
  119 | or<double> ZMP_x_H_, [01;36m[KZMP_y_H_[m[K;
      |                      [01;36m[K^~~~~~~~[m[K

In file included from [01m[K/home/certezas/robotis_ws/src/ROBOTIS-OP3/op3_kajita_walking_module/src/kajita_walking_controller.cpp:1[m[K:
[01m[K/home/certezas/robotis_ws/src/ROBOTIS-OP3/op3_kajita_walking_module/include/op3_kajita_walking_module/kajita_walking_controller.h:122:33:[m[K [01;31m[Kerror: [m[Kredeclaration of â€˜[01m[Kstd::vector<double, std::allocator<double> > KajitaWalkingController::COM_x_H_[m[Kâ€™
  122 |     std::vector<double> COM_x_H_[01;31m[K,[m[K COM_y_H_;
      |                                 [01;31m[K^[m[K
[01m[K/home/certezas/robotis_ws/src/ROBOTIS-OP3/op3_kajita_walking_module/include/op3_kajita_walking_module/kajita_walking_controller.h:118:25:[m[K [01;36m[Knote: [m[Kprevious declaration â€˜[01m[Kstd::vector<double, std::allocator<double> > KajitaWalkingController::COM_x_H_[m[Kâ€™
  118 |     std::vector<double> [01;36m[KCOM_x_H_[m[K, COM_y_H_;
      |                         [01;36m[K^~~~~~~~[m[K
[01m[K/home/certezas/robotis_ws/src/ROBOTIS-OP3/op3_kajita_walking_module/include/op3_kajita_walking_module/kajita_walking_controller.h:122:35:[m[K [01;31m[Kerror: [m[Kredeclaration of â€˜[01m[Kstd::vector<double, std::allocator<double> > KajitaWalkingController::COM_y_H_[m[Kâ€™
  122 |     std::vector<double> COM_x_H_, [01;31m[KCOM_y_H_[m[K;
      |                                   [01;31m[K^~~~~~~~[m[K
[01m[K/home/certezas/robotis_ws/src/ROBOTIS-OP3/op3_kajita_walking_module/include/op3_kajita_walking_module/kajita_walking_controller.h:118:35:[m[K [01;36m[Knote: [m[Kprevious declaration â€˜[01m[Kstd::vector<double, std::allocator<double> > KajitaWalkingController::COM_y_H_[m[Kâ€™
  118 |     std::vector<double> COM_x_H_, [01;36m[KCOM_y_H_[m[K;
      |                                   [01;36m[K^~~~~~~~[m[K
[01m[K/home/certezas/robotis_ws/src/ROBOTIS-OP3/op3_kajita_walking_module/include/op3_kajita_walking_module/kajita_walking_controller.h:123:33:[m[K [01;31m[Kerror: [m[Kredeclaration of â€˜[01m[Kstd::vector<double, std::allocator<double> > KajitaWalkingController::ZMP_x_H_[m[Kâ€™
  123 |     std::vector<double> ZMP_x_H_[01;31m[K,[m[K ZMP_y_H_;
      |                                 [01;31m[K^[m[K
[01m[K/home/certezas/robotis_ws/src/ROBOTIS-OP3/op3_kajita_walking_module/include/op3_kajita_walking_module/kajita_walking_controller.h:119:25:[m[K [01;36m[Knote: [m[Kprevious declaration â€˜[01m[Kstd::vector<double, std::allocator<double> > KajitaWalkingController::ZMP_x_H_[m[Kâ€™
  119 |     std::vector<double> [01;36m[KZMP_x_H_[m[K, ZMP_y_H_;
      |                         [01;36m[K^~~~~~~~[m[K
[01m[K/home/certezas/robotis_ws/src/ROBOTIS-OP3/op3_kajita_walking_module/include/op3_kajita_walking_module/kajita_walking_controller.h:123:35:[m[K [01;31m[Kerror: [m[Kredeclaration of â€˜[01m[Kstd::vector<double, std::allocator<double> > KajitaWalkingController::ZMP_y_H_[m[Kâ€™
  123 |     std::vector<double> ZMP_x_H_, [01;31m[KZMP_y_H_[m[K;
      |                                   [01;31m[K^~~~~~~~[m[K
[01m[K/home/certezas/robotis_ws/src/ROBOTIS-OP3/op3_kajita_walking_module/include/op3_kajita_walking_module/kajita_walking_controller.h:119:35:[m[K [01;36m[Knote: [m[Kprevious declaration â€˜[01m[Kstd::vector<double, std::allocator<double> > KajitaWalkingController::ZMP_y_H_[m[Kâ€™
  119 |     std::vector<double> ZMP_x_H_, [01;36m[KZMP_y_H_[m[K;
      |                                   [01;36m[K^~~~~~~~[m[K
[01m[K/home/certezas/robotis_ws/src/ROBOTIS-OP3/op3_kajita_walking_module/src/kajita_walking_controller.cpp:[m[K In constructor â€˜[01m[KKajitaWalkingController::KajitaWalkingController(const rclcpp::NodeOptions&)[m[Kâ€™:
[01m[K/home/certezas/robotis_ws/src/ROBOTIS-OP3/op3_kajita_walking_module/src/kajita_walking_controller.cpp:64:24:[m[K [01;31m[Kerror: [m[Kâ€˜[01m[KID_L_HIP_ROLL[m[Kâ€™ was not declared in this scope
   64 |         {"l_hip_roll", [01;31m[KID_L_HIP_ROLL[m[K},
      |                        [01;31m[K^~~~~~~~~~~~~[m[K
[01m[K/home/certezas/robotis_ws/src/ROBOTIS-OP3/op3_kajita_walking_module/src/kajita_walking_controller.cpp:65:24:[m[K [01;31m[Kerror: [m[Kâ€˜[01m[KID_L_KNEE[m[Kâ€™ was not declared in this scope
   65 |         {"l_knee",     [01;31m[KID_L_KNEE[m[K},
      |                        [01;31m[K^~~~~~~~~[m[K
[01m[K/home/certezas/robotis_ws/src/ROBOTIS-OP3/op3_kajita_walking_module/src/kajita_walking_controller.cpp:66:24:[m[K [01;31m[Kerror: [m[Kâ€˜[01m[KID_R_HIP_ROLL[m[Kâ€™ was not declared in this scope
   66 |         {"r_hip_roll", [01;31m[KID_R_HIP_ROLL[m[K},
      |                        [01;31m[K^~~~~~~~~~~~~[m[K
[01m[K/home/certezas/robotis_ws/src/ROBOTIS-OP3/op3_kajita_walking_module/src/kajita_walking_controller.cpp:67:24:[m[K [01;31m[Kerror: [m[Kâ€˜[01m[KID_R_KNEE[m[Kâ€™ was not declared in this scope
   67 |         {"r_knee",     [01;31m[KID_R_KNEE[m[K}
      |                        [01;31m[K^~~~~~~~~[m[K
[01m[K/home/certezas/robotis_ws/src/ROBOTIS-OP3/op3_kajita_walking_module/src/kajita_walking_controller.cpp:68:5:[m[K [01;31m[Kerror: [m[Kno match for â€˜[01m[Koperator=[m[Kâ€™ (operand types are â€˜[01m[Kstd::map<std::__cxx11::basic_string<char>, int>[m[Kâ€™ and â€˜[01m[K<brace-enclosed initializer list>[m[Kâ€™)
   68 |     [01;31m[K}[m[K;
      |     [01;31m[K^[m[K
In file included from [01m[K/usr/include/c++/11/map:61[m[K,
                 from [01m[K/home/certezas/robotis_ws/src/ROBOTIS-OP3/op3_kajita_walking_module/include/op3_kajita_walking_module/kajita_walking_controller.h:8[m[K,
                 from [01m[K/home/certezas/robotis_ws/src/ROBOTIS-OP3/op3_kajita_walking_module/src/kajita_walking_controller.cpp:1[m[K:
[01m[K/usr/include/c++/11/bits/stl_map.h:319:7:[m[K [01;36m[Knote: [m[Kcandidate: â€˜[01m[Kstd::map<_Key, _Tp, _Compare, _Alloc>& std::map<_Key, _Tp, _Compare, _Alloc>::operator=(const std::map<_Key, _Tp, _Compare, _Alloc>&) [with _Key = std::__cxx11::basic_string<char>; _Tp = int; _Compare = std::less<std::__cxx11::basic_string<char> >; _Alloc = std::allocator<std::pair<const std::__cxx11::basic_string<char>, int> >][m[Kâ€™
  319 |       [01;36m[Koperator[m[K=(const map&) = default;
      |       [01;36m[K^~~~~~~~[m[K
[01m[K/usr/include/c++/11/bits/stl_map.h:319:17:[m[K [01;36m[Knote: [m[K  no known conversion for argument 1 from â€˜[01m[K<brace-enclosed initializer list>[m[Kâ€™ to â€˜[01m[Kconst std::map<std::__cxx11::basic_string<char>, int>&[m[Kâ€™
  319 |       operator=([01;36m[Kconst map&[m[K) = default;
      |                 [01;36m[K^~~~~~~~~~[m[K
[01m[K/usr/include/c++/11/bits/stl_map.h:323:7:[m[K [01;36m[Knote: [m[Kcandidate: â€˜[01m[Kstd::map<_Key, _Tp, _Compare, _Alloc>& std::map<_Key, _Tp, _Compare, _Alloc>::operator=(std::map<_Key, _Tp, _Compare, _Alloc>&&) [with _Key = std::__cxx11::basic_string<char>; _Tp = int; _Compare = std::less<std::__cxx11::basic_string<char> >; _Alloc = std::allocator<std::pair<const std::__cxx11::basic_string<char>, int> >][m[Kâ€™
  323 |       [01;36m[Koperator[m[K=(map&&) = default;
      |       [01;36m[K^~~~~~~~[m[K
[01m[K/usr/include/c++/11/bits/stl_map.h:323:17:[m[K [01;36m[Knote: [m[K  no known conversion for argument 1 from â€˜[01m[K<brace-enclosed initializer list>[m[Kâ€™ to â€˜[01m[Kstd::map<std::__cxx11::basic_string<char>, int>&&[m[Kâ€™
  323 |       operator=([01;36m[Kmap&&[m[K) = default;
      |                 [01;36m[K^~~~~[m[K
[01m[K/usr/include/c++/11/bits/stl_map.h:337:7:[m[K [01;36m[Knote: [m[Kcandidate: â€˜[01m[Kstd::map<_Key, _Tp, _Compare, _Alloc>& std::map<_Key, _Tp, _Compare, _Alloc>::operator=(std::initializer_list<std::pair<const _Key, _Tp> >) [with _Key = std::__cxx11::basic_string<char>; _Tp = int; _Compare = std::less<std::__cxx11::basic_string<char> >; _Alloc = std::allocator<std::pair<const std::__cxx11::basic_string<char>, int> >][m[Kâ€™
  337 |       [01;36m[Koperator[m[K=(initializer_list<value_type> __l)
      |       [01;36m[K^~~~~~~~[m[K
[01m[K/usr/include/c++/11/bits/stl_map.h:337:46:[m[K [01;36m[Knote: [m[K  no known conversion for argument 1 from â€˜[01m[K<brace-enclosed initializer list>[m[Kâ€™ to â€˜[01m[Kstd::initializer_list<std::pair<const std::__cxx11::basic_string<char>, int> >[m[Kâ€™
  337 |       operator=([01;36m[Kinitializer_list<value_type> __l[m[K)
      |                 [01;36m[K~~~~~~~~~~~~~~~~~~~~~~~~~~~~~^~~[m[K
[01m[K/home/certezas/robotis_ws/src/ROBOTIS-OP3/op3_kajita_walking_module/src/kajita_walking_controller.cpp:[m[K In member function â€˜[01m[Kvoid KajitaWalkingController::initialize()[m[Kâ€™:
[01m[K/home/certezas/robotis_ws/src/ROBOTIS-OP3/op3_kajita_walking_module/src/kajita_walking_controller.cpp:147:13:[m[K [01;31m[Kerror: [m[Kâ€˜[01m[KVector2d[m[Kâ€™ was not declared in this scope; did you mean â€˜[01m[KEigen::Vector2d[m[Kâ€™?
  147 |             [01;31m[KVector2d[m[K pe_inicial = step_pos_[idx_passo_gerador];
      |             [01;31m[K^~~~~~~~[m[K
      |             [32m[KEigen::Vector2d[m[K
In file included from [01m[K/usr/include/eigen3/Eigen/Core:295[m[K,
                 from [01m[K/usr/include/eigen3/Eigen/Dense:1[m[K,
                 from [01m[K/home/certezas/robotis_ws/src/ROBOTIS-OP3/op3_kajita_walking_module/include/op3_kajita_walking_module/kajita_walking_controller.h:15[m[K,
                 from [01m[K/home/certezas/robotis_ws/src/ROBOTIS-OP3/op3_kajita_walking_module/src/kajita_walking_controller.cpp:1[m[K:
[01m[K/usr/include/eigen3/Eigen/src/Core/Matrix.h:506:1:[m[K [01;36m[Knote: [m[Kâ€˜[01m[KEigen::Vector2d[m[Kâ€™ declared here
  506 | [01;36m[KEIGEN_MAKE_TYPEDEFS_ALL_SIZES[m[K(double,               d)
      | [01;36m[K^~~~~~~~~~~~~~~~~~~~~~~~~~~~~[m[K
[01m[K/home/certezas/robotis_ws/src/ROBOTIS-OP3/op3_kajita_walking_module/src/kajita_walking_controller.cpp:148:21:[m[K [01;31m[Kerror: [m[Kexpected â€˜[01m[K;[m[Kâ€™ before â€˜[01m[Kpe_final[m[Kâ€™
  148 |             Vector2d[01;31m[K [m[K[32m[Kpe_final[m[K = step_pos_[idx_passo_gerador + 1];
      |                     [01;31m[K^[m[K[32m[K~~~~~~~~[m[K
      |                     [32m[K;[m[K
[01m[K/home/certezas/robotis_ws/src/ROBOTIS-OP3/op3_kajita_walking_module/src/kajita_walking_controller.cpp:153:27:[m[K [01;31m[Kerror: [m[Kâ€˜[01m[Kpe_inicial[m[Kâ€™ was not declared in this scope
  153 |             zmp_x = h00 * [01;31m[Kpe_inicial[m[K[0] + h01 * pe_final[0];
      |                           [01;31m[K^~~~~~~~~~[m[K
[01m[K/home/certezas/robotis_ws/src/ROBOTIS-OP3/op3_kajita_walking_module/src/kajita_walking_controller.cpp:153:49:[m[K [01;31m[Kerror: [m[Kâ€˜[01m[Kpe_final[m[Kâ€™ was not declared in this scope
  153 |             zmp_x = h00 * pe_inicial[0] + h01 * [01;31m[Kpe_final[m[K[0];
      |                                                 [01;31m[K^~~~~~~~[m[K
[01m[K/home/certezas/robotis_ws/src/ROBOTIS-OP3/op3_kajita_walking_module/src/kajita_walking_controller.cpp:167:5:[m[K [01;31m[Kerror: [m[Kâ€˜[01m[KRowVector3d[m[Kâ€™ was not declared in this scope; did you mean â€˜[01m[KEigen::RowVector3d[m[Kâ€™?
  167 |     [01;31m[KRowVector3d[m[K CA = C_ * A_;
      |     [01;31m[K^~~~~~~~~~~[m[K
      |     [32m[KEigen::RowVector3d[m[K
In file included from [01m[K/usr/include/eigen3/Eigen/Core:295[m[K,
                 from [01m[K/usr/include/eigen3/Eigen/Dense:1[m[K,
                 from [01m[K/home/certezas/robotis_ws/src/ROBOTIS-OP3/op3_kajita_walking_module/include/op3_kajita_walking_module/kajita_walking_controller.h:15[m[K,
                 from [01m[K/home/certezas/robotis_ws/src/ROBOTIS-OP3/op3_kajita_walking_module/src/kajita_walking_controller.cpp:1[m[K:
[01m[K/usr/include/eigen3/Eigen/src/Core/Matrix.h:506:1:[m[K [01;36m[Knote: [m[Kâ€˜[01m[KEigen::RowVector3d[m[Kâ€™ declared here
  506 | [01;36m[KEIGEN_MAKE_TYPEDEFS_ALL_SIZES[m[K(double,               d)
      | [01;36m[K^~~~~~~~~~~~~~~~~~~~~~~~~~~~~[m[K
[01m[K/home/certezas/robotis_ws/src/ROBOTIS-OP3/op3_kajita_walking_module/src/kajita_walking_controller.cpp:171:41:[m[K [01;31m[Kerror: [m[Kâ€˜[01m[KCA[m[Kâ€™ was not declared in this scope; did you mean â€˜[01m[KC_[m[Kâ€™?
  171 |     F_til_.resize(4,3); F_til_.row(0) = [01;31m[KCA[m[K; F_til_.bottomRows(3) = A_;
      |                                         [01;31m[K^~[m[K
      |                                         [32m[KC_[m[K
[01m[K/home/certezas/robotis_ws/src/ROBOTIS-OP3/op3_kajita_walking_module/src/kajita_walking_controller.cpp:188:14:[m[K [01;31m[Kerror: [m[Kâ€˜[01m[KMatrixXd[m[Kâ€™ has not been declared
  188 |     COM_x_ = [01;31m[KMatrixXd[m[K::Zero(3, ZMP_x_ref_.size() + 1);
      |              [01;31m[K^~~~~~~~[m[K
[01m[K/home/certezas/robotis_ws/src/ROBOTIS-OP3/op3_kajita_walking_module/src/kajita_walking_controller.cpp:189:14:[m[K [01;31m[Kerror: [m[Kâ€˜[01m[KMatrixXd[m[Kâ€™ has not been declared
  189 |     COM_y_ = [01;31m[KMatrixXd[m[K::Zero(3, ZMP_y_ref_.size() + 1);
      |              [01;31m[K^~~~~~~~[m[K
[01m[K/home/certezas/robotis_ws/src/ROBOTIS-OP3/op3_kajita_walking_module/src/kajita_walking_controller.cpp:[m[K In member function â€˜[01m[Kvoid KajitaWalkingController::process()[m[Kâ€™:
[01m[K/home/certezas/robotis_ws/src/ROBOTIS-OP3/op3_kajita_walking_module/src/kajita_walking_controller.cpp:282:5:[m[K [01;31m[Kerror: [m[Kâ€˜[01m[KVectorXd[m[Kâ€™ was not declared in this scope; did you mean â€˜[01m[KEigen::VectorXd[m[Kâ€™?
  282 |     [01;31m[KVectorXd[m[K Zx_fut(K_preview_);
      |     [01;31m[K^~~~~~~~[m[K
      |     [32m[KEigen::VectorXd[m[K
In file included from [01m[K/usr/include/eigen3/Eigen/Core:295[m[K,
                 from [01m[K/usr/include/eigen3/Eigen/Dense:1[m[K,
                 from [01m[K/home/certezas/robotis_ws/src/ROBOTIS-OP3/op3_kajita_walking_module/include/op3_kajita_walking_module/kajita_walking_controller.h:15[m[K,
                 from [01m[K/home/certezas/robotis_ws/src/ROBOTIS-OP3/op3_kajita_walking_module/src/kajita_walking_controller.cpp:1[m[K:
[01m[K/usr/include/eigen3/Eigen/src/Core/Matrix.h:506:1:[m[K [01;36m[Knote: [m[Kâ€˜[01m[KEigen::VectorXd[m[Kâ€™ declared here
  506 | [01;36m[KEIGEN_MAKE_TYPEDEFS_ALL_SIZES[m[K(double,               d)
      | [01;36m[K^~~~~~~~~~~~~~~~~~~~~~~~~~~~~[m[K
[01m[K/home/certezas/robotis_ws/src/ROBOTIS-OP3/op3_kajita_walking_module/src/kajita_walking_controller.cpp:283:13:[m[K [01;31m[Kerror: [m[Kexpected â€˜[01m[K;[m[Kâ€™ before â€˜[01m[KZy_fut[m[Kâ€™
  283 |     VectorXd[01;31m[K [m[K[32m[KZy_fut[m[K(K_preview_);
      |             [01;31m[K^[m[K[32m[K~~~~~~[m[K
      |             [32m[K;[m[K
[01m[K/home/certezas/robotis_ws/src/ROBOTIS-OP3/op3_kajita_walking_module/src/kajita_walking_controller.cpp:285:9:[m[K [01;31m[Kerror: [m[Kâ€˜[01m[KZx_fut[m[Kâ€™ was not declared in this scope
  285 |         [01;31m[KZx_fut[m[K(j) = ZMP_x_ref_[k + j];
      |         [01;31m[K^~~~~~[m[K
[01m[K/home/certezas/robotis_ws/src/ROBOTIS-OP3/op3_kajita_walking_module/src/kajita_walking_controller.cpp:286:9:[m[K [01;31m[Kerror: [m[Kâ€˜[01m[KZy_fut[m[Kâ€™ was not declared in this scope
  286 |         [01;31m[KZy_fut[m[K(j) = ZMP_y_ref_[k + j];
      |         [01;31m[K^~~~~~[m[K
[01m[K/home/certezas/robotis_ws/src/ROBOTIS-OP3/op3_kajita_walking_module/src/kajita_walking_controller.cpp:288:83:[m[K [01;31m[Kerror: [m[Kâ€˜[01m[KZx_fut[m[Kâ€™ was not declared in this scope
  288 |     double ux = -Gi_ * sum_e_x_ - (Gx_ * COM_x_.col(k))(0,0) - (Gp_.transpose() * [01;31m[KZx_fut[m[K)(0,0);
      |                                                                                   [01;31m[K^~~~~~[m[K
[01m[K/home/certezas/robotis_ws/src/ROBOTIS-OP3/op3_kajita_walking_module/src/kajita_walking_controller.cpp:289:83:[m[K [01;31m[Kerror: [m[Kâ€˜[01m[KZy_fut[m[Kâ€™ was not declared in this scope
  289 |     double uy = -Gi_ * sum_e_y_ - (Gx_ * COM_y_.col(k))(0,0) - (Gp_.transpose() * [01;31m[KZy_fut[m[K)(0,0);
      |                                                                                   [01;31m[K^~~~~~[m[K
[01m[K/home/certezas/robotis_ws/src/ROBOTIS-OP3/op3_kajita_walking_module/src/kajita_walking_controller.cpp:312:5:[m[K [01;31m[Kerror: [m[Kâ€˜[01m[KVector2d[m[Kâ€™ was not declared in this scope; did you mean â€˜[01m[KEigen::Vector2d[m[Kâ€™?
  312 |     [01;31m[KVector2d[m[K pe_direito_inicial(0.0, -largura_passo_base_ / 2.0);
      |     [01;31m[K^~~~~~~~[m[K
      |     [32m[KEigen::Vector2d[m[K
In file included from [01m[K/usr/include/eigen3/Eigen/Core:295[m[K,
                 from [01m[K/usr/include/eigen3/Eigen/Dense:1[m[K,
                 from [01m[K/home/certezas/robotis_ws/src/ROBOTIS-OP3/op3_kajita_walking_module/include/op3_kajita_walking_module/kajita_walking_controller.h:15[m[K,
                 from [01m[K/home/certezas/robotis_ws/src/ROBOTIS-OP3/op3_kajita_walking_module/src/kajita_walking_controller.cpp:1[m[K:
[01m[K/usr/include/eigen3/Eigen/src/Core/Matrix.h:506:1:[m[K [01;36m[Knote: [m[Kâ€˜[01m[KEigen::Vector2d[m[Kâ€™ declared here
  506 | [01;36m[KEIGEN_MAKE_TYPEDEFS_ALL_SIZES[m[K(double,               d)
      | [01;36m[K^~~~~~~~~~~~~~~~~~~~~~~~~~~~~[m[K
[01m[K/home/certezas/robotis_ws/src/ROBOTIS-OP3/op3_kajita_walking_module/src/kajita_walking_controller.cpp:313:13:[m[K [01;31m[Kerror: [m[Kexpected â€˜[01m[K;[m[Kâ€™ before â€˜[01m[Kpe_esquerdo_inicial[m[Kâ€™
  313 |     Vector2d[01;31m[K [m[K[32m[Kpe_esquerdo_inicial[m[K(0.0, largura_passo_base_ / 2.0);
      |             [01;31m[K^[m[K[32m[K~~~~~~~~~~~~~~~~~~~[m[K
      |             [32m[K;[m[K
[01m[K/home/certezas/robotis_ws/src/ROBOTIS-OP3/op3_kajita_walking_module/src/kajita_walking_controller.cpp:332:67:[m[K [01;31m[Kerror: [m[Kâ€˜[01m[Kpe_direito_inicial[m[Kâ€™ was not declared in this scope
  332 |             Eigen::Vector2d suporte = (idx_passo_suporte_ == 0) ? [01;31m[Kpe_direito_inicial[m[K
      |                                                                   [01;31m[K^~~~~~~~~~~~~~~~~~[m[K
[01m[K/home/certezas/robotis_ws/src/ROBOTIS-OP3/op3_kajita_walking_module/src/kajita_walking_controller.cpp:337:66:[m[K [01;31m[Kerror: [m[Kâ€˜[01m[Kpe_esquerdo_inicial[m[Kâ€™ was not declared in this scope
  337 |             Eigen::Vector2d inicio = (idx_passo_suporte_ == 1) ? [01;31m[Kpe_esquerdo_inicial[m[K
      |                                                                  [01;31m[K^~~~~~~~~~~~~~~~~~~[m[K
[01m[K/home/certezas/robotis_ws/src/ROBOTIS-OP3/op3_kajita_walking_module/src/kajita_walking_controller.cpp:349:67:[m[K [01;31m[Kerror: [m[Kâ€˜[01m[Kpe_esquerdo_inicial[m[Kâ€™ was not declared in this scope
  349 |             Eigen::Vector2d suporte = (idx_passo_suporte_ == 0) ? [01;31m[Kpe_esquerdo_inicial[m[K
      |                                                                   [01;31m[K^~~~~~~~~~~~~~~~~~~[m[K
[01m[K/home/certezas/robotis_ws/src/ROBOTIS-OP3/op3_kajita_walking_module/src/kajita_walking_controller.cpp:354:66:[m[K [01;31m[Kerror: [m[Kâ€˜[01m[Kpe_direito_inicial[m[Kâ€™ was not declared in this scope
  354 |             Eigen::Vector2d inicio = (idx_passo_suporte_ == 0) ? [01;31m[Kpe_direito_inicial[m[K
      |                                                                  [01;31m[K^~~~~~~~~~~~~~~~~~[m[K
[01m[K/home/certezas/robotis_ws/src/ROBOTIS-OP3/op3_kajita_walking_module/src/kajita_walking_controller.cpp:367:54:[m[K [01;31m[Kerror: [m[Kâ€˜[01m[Kpe_direito_inicial[m[Kâ€™ was not declared in this scope
  367 |             right_foot_pose.topRightCorner<3,1>() << [01;31m[Kpe_direito_inicial[m[K.x(),  pe_direito_inicial.y(),  0.0;
      |                                                      [01;31m[K^~~~~~~~~~~~~~~~~~[m[K
gmake[2]: *** [CMakeFiles/kajita_walking_node.dir/build.make:76: CMakeFiles/kajita_walking_node.dir/src/main.cpp.o] Erro 1
gmake[2]: ** Esperando que outros processos terminem.
[01m[K/home/certezas/robotis_ws/src/ROBOTIS-OP3/op3_kajita_walking_module/src/kajita_walking_controller.cpp:368:54:[m[K [01;31m[Kerror: [m[Kâ€˜[01m[Kpe_esquerdo_inicial[m[Kâ€™ was not declared in this scope
  368 |             left_foot_pose.topRightCorner<3,1>()  << [01;31m[Kpe_esquerdo_inicial[m[K.x(), pe_esquerdo_inicial.y(), 0.0;
      |                                                      [01;31m[K^~~~~~~~~~~~~~~~~~~[m[K
[01m[K/home/certezas/robotis_ws/src/ROBOTIS-OP3/op3_kajita_walking_module/src/kajita_walking_controller.cpp:[m[K At global scope:
[01m[K/home/certezas/robotis_ws/src/ROBOTIS-OP3/op3_kajita_walking_module/src/kajita_walking_controller.cpp:517:1:[m[K [01;31m[Kerror: [m[Kâ€˜[01m[KMatrixXd[m[Kâ€™ does not name a type
  517 | [01;31m[KMatrixXd[m[K KajitaWalkingController::solveDARE(const MatrixXd &A, const MatrixXd &B, const MatrixXd &Q, double R)
      | [01;31m[K^~~~~~~~[m[K
[01m[K/home/certezas/robotis_ws/src/ROBOTIS-OP3/op3_kajita_walking_module/src/kajita_walking_controller.cpp:[m[K In member function â€˜[01m[Kstd::map<std::__cxx11::basic_string<char>, double> KajitaWalkingController::calculateGravityCompensation(const std::map<std::__cxx11::basic_string<char>, double>&, bool, const Vector3d&)[m[Kâ€™:
[01m[K/home/certezas/robotis_ws/src/ROBOTIS-OP3/op3_kajita_walking_module/src/kajita_walking_controller.cpp:543:18:[m[K [01;31m[Kerror: [m[Kâ€˜[01m[Kclass robotis_op::OP3KinematicsDynamics[m[Kâ€™ has no member named â€˜[01m[KsetAllJointPositions[m[Kâ€™
  543 |     kinematics_->[01;31m[KsetAllJointPositions[m[K(joint_positions_commanded);
      |                  [01;31m[K^~~~~~~~~~~~~~~~~~~~[m[K
[01m[K/home/certezas/robotis_ws/src/ROBOTIS-OP3/op3_kajita_walking_module/src/kajita_walking_controller.cpp:557:39:[m[K [01;31m[Kerror: [m[Kâ€˜[01m[Kclass robotis_op::OP3KinematicsDynamics[m[Kâ€™ has no member named â€˜[01m[Klink_data_[m[Kâ€™; did you mean â€˜[01m[Kop3_link_data_[m[Kâ€™?
  557 |             auto* link = kinematics_->[01;31m[Klink_data_[m[K[link_id];
      |                                       [01;31m[K^~~~~~~~~~[m[K
      |                                       [32m[Kop3_link_data_[m[K
[01m[K/home/certezas/robotis_ws/src/ROBOTIS-OP3/op3_kajita_walking_module/src/kajita_walking_controller.cpp:574:50:[m[K [01;31m[Kerror: [m[Kâ€˜[01m[Kclass robotis_op::OP3KinematicsDynamics[m[Kâ€™ has no member named â€˜[01m[Klink_data_[m[Kâ€™; did you mean â€˜[01m[Kop3_link_data_[m[Kâ€™?
  574 |         Eigen::Vector3d joint_pos = kinematics_->[01;31m[Klink_data_[m[K[joint_id]->position;
      |                                                  [01;31m[K^~~~~~~~~~[m[K
      |                                                  [32m[Kop3_link_data_[m[K
[01m[K/home/certezas/robotis_ws/src/ROBOTIS-OP3/op3_kajita_walking_module/src/kajita_walking_controller.cpp:580:46:[m[K [01;31m[Kerror: [m[Kâ€˜[01m[Kclass robotis_op::OP3KinematicsDynamics[m[Kâ€™ has no member named â€˜[01m[Klink_data_[m[Kâ€™; did you mean â€˜[01m[Kop3_link_data_[m[Kâ€™?
  580 |         Eigen::Vector3d jaxis = kinematics_->[01;31m[Klink_data_[m[K[joint_id]->joint_axis;
      |                                              [01;31m[K^~~~~~~~~~[m[K
      |                                              [32m[Kop3_link_data_[m[K
[01m[K/home/certezas/robotis_ws/src/ROBOTIS-OP3/op3_kajita_walking_module/src/kajita_walking_controller.cpp:534:10:[m[K [01;35m[Kwarning: [m[Kunused parameter â€˜[01m[Kis_left_support[m[Kâ€™ [[01;35m[K]8;;https://gcc.gnu.org/onlinedocs/gcc/Warning-Options.html#index-Wunused-parameter-Wunused-parameter]8;;[m[K]
  534 |     [01;35m[Kbool is_left_support[m[K,
      |     [01;35m[K~~~~~^~~~~~~~~~~~~~~[m[K
[01m[K/home/certezas/robotis_ws/src/ROBOTIS-OP3/op3_kajita_walking_module/src/kajita_walking_controller.cpp:[m[K In member function â€˜[01m[Kvoid KajitaWalkingController::collectDescendants(int, std::vector<int>&)[m[Kâ€™:
[01m[K/home/certezas/robotis_ws/src/ROBOTIS-OP3/op3_kajita_walking_module/src/kajita_walking_controller.cpp:601:38:[m[K [01;31m[Kerror: [m[Kâ€˜[01m[Kclass robotis_op::OP3KinematicsDynamics[m[Kâ€™ has no member named â€˜[01m[Klink_data_[m[Kâ€™; did you mean â€˜[01m[Kop3_link_data_[m[Kâ€™?
  601 |     for (int child_id : kinematics_->[01;31m[Klink_data_[m[K[joint_id]->child)
      |                                      [01;31m[K^~~~~~~~~~[m[K
      |                                      [32m[Kop3_link_data_[m[K
gmake[2]: *** [CMakeFiles/kajita_walking_node.dir/build.make:90: CMakeFiles/kajita_walking_node.dir/src/kajita_walking_controller.cpp.o] Erro 1
gmake[1]: *** [CMakeFiles/Makefile2:137: CMakeFiles/kajita_walking_node.dir/all] Erro 2
gmake: *** [Makefile:146: all] Erro 2
