In file included from [01m[K/home/certezas/robotis_ws/install/op3_kinematics_dynamics/include/op3_kinematics_dynamics/op3_kinematics_dynamics.h:26[m[K,
                 from [01m[K/home/certezas/robotis_ws/src/ROBOTIS-OP3/op3_kajita_walking_module/include/op3_kajita_walking_module/kajita_walking_controller.h:9[m[K,
                 from [01m[K/home/certezas/robotis_ws/src/ROBOTIS-OP3/op3_kajita_walking_module/src/kajita_walking_controller.cpp:1[m[K:
[01m[K/home/certezas/robotis_ws/install/op3_kinematics_dynamics/include/op3_kinematics_dynamics/link_data.h:24:10:[m[K [01;31m[Kfatal error: [m[Krobotis_math/robotis_math.h: Arquivo ou diret√≥rio inexistente
   24 | #include [01;31m[K"robotis_math/robotis_math.h"[m[K
      |          [01;31m[K^~~~~~~~~~~~~~~~~~~~~~~~~~~~~[m[K
In file included from [01m[K/home/certezas/robotis_ws/install/op3_kinematics_dynamics/include/op3_kinematics_dynamics/op3_kinematics_dynamics.h:26[m[K,
                 from [01m[K/home/certezas/robotis_ws/src/ROBOTIS-OP3/op3_kajita_walking_module/include/op3_kajita_walking_module/kajita_walking_controller.h:9[m[K,
                 from [01m[K/home/certezas/robotis_ws/src/ROBOTIS-OP3/op3_kajita_walking_module/src/main.cpp:1[m[K:
[01m[K/home/certezas/robotis_ws/install/op3_kinematics_dynamics/include/op3_kinematics_dynamics/link_data.h:24:10:[m[K [01;31m[Kfatal error: [m[Krobotis_math/robotis_math.h: Arquivo ou diret√≥rio inexistente
   24 | #include [01;31m[K"robotis_math/robotis_math.h"[m[K
      |          [01;31m[K^~~~~~~~~~~~~~~~~~~~~~~~~~~~~[m[K
compilation terminated.
compilation terminated.
gmake[2]: *** [CMakeFiles/kajita_walking_node.dir/build.make:90: CMakeFiles/kajita_walking_node.dir/src/kajita_walking_controller.cpp.o] Erro 1
gmake[2]: ** Esperando que outros processos terminem.
gmake[2]: *** [CMakeFiles/kajita_walking_node.dir/build.make:76: CMakeFiles/kajita_walking_node.dir/src/main.cpp.o] Erro 1
gmake[1]: *** [CMakeFiles/Makefile2:137: CMakeFiles/kajita_walking_node.dir/all] Erro 2
gmake: *** [Makefile:146: all] Erro 2
